make.exe all --print-data-base --no-builtin-variables --no-builtin-rules --question
# GNU Make 3.81
 
# Copyright (C) 2006  Free Software Foundation, Inc.
# This is free software; see the source for copying conditions.
# There is NO warranty; not even for MERCHANTABILITY or FITNESS FOR A
# PARTICULAR PURPOSE.

# This program built for i686-pc-msys
 

# Make data base, printed on Sat May 14 09:54:57 2022

# Variables

# automatic
<D = $(patsubst %/,%,$(dir $<))
 
# automatic
?F = $(notdir $?)
# makefile (from `Makefile', line 20)
OBJ = $(SRC:$(SRCDIR)/%$(EXT)=$(OBJDIR)/%.o)
# environment
CARBON_MEM_DISABLE = 1
# makefile (from `Makefile', line 18)
SRC = $(wildcard $(SRCDIR)/*$(EXT))
# makefile (from `Makefile', line 21)
MAINOBJ = $(MAINSRC:$(MAINSRCDIR)/%$(EXT)=$(OBJDIR)/%.o)
# makefile
MAKEFLAGS = Rrqp
# environment
VSCODE_LOG_NATIVE = false
# automatic
?D = $(patsubst %/,%,$(dir $?))
# environment
FLASK_APP = borne.py
# automatic
@D = $(patsubst %/,%,$(dir $@))
# environment
HOMEDRIVE = C:
# automatic
@F = $(notdir $@)
# automatic
^D = $(patsubst %/,%,$(dir $^))
# makefile
CURDIR := /c/Users/Neu/Documents/state_machine_cpp
# default
SHELL := /bin/sh
# makefile (from `Makefile', line 25)
RM = rm
# environment
WINDIR = C:\WINDOWS
# environment
VSCODE_NLS_CONFIG = {"locale":"de","availableLanguages":{},"_languagePackSupport":true}
# environment
ONEDRIVE = C:\Users\Neu\OneDrive
# environment
MSMPI_BIN = C:\Program Files\Microsoft MPI\Bin\
# environment
PATHEXT = .COM;.EXE;.BAT;.CMD;.VBS;.VBE;.JS;.JSE;.WSF;.WSH;.MSC;.PY;.PYW
# makefile (from `Makefile', line 1)
MAKEFILE_LIST :=  Makefile
# makefile (from `Makefile', line 23)
MAINDEP = $(MAINOBJ:$(OBJDIR)/%.o=$(OBJDIR)/%.d)
# environment
TMP = /tmp
# makefile (from `Makefile', line 7)
CXXFLAGS = -std=c++11 -Wall
# environment
VSCODE_VERBOSE_LOGGING = true
# environment
PROGRAMW6432 = C:\Program Files
# makefile (from `Makefile', line 29)
DEL = del
# environment
PROGRAMDATA = C:\ProgramData
# environment
VSCODE_IPC_HOOK_EXTHOST = \\.\pipe\vscode-ipc-36d7d485-df47-46f9-b5ef-5200d76f9bc3-sock
# environment
VSCODE_CWD = C:\Users\Neu\AppData\Local\Programs\Microsoft VS Code
# environment
OPENCV_DIR = C:\opencv\build\x64\vc14
# environment
PATH = /c/Python310/Scripts/:/c/Python310/:/c/Program Files (x86)/Common Files/Oracle/Java/javapath:/c/Program Files/Microsoft MPI/Bin/:/c/WINDOWS/system32:/c/WINDOWS:/c/WINDOWS/System32/Wbem:/c/WINDOWS/System32/WindowsPowerShell/v1.0/:/c/Program Files/dotnet/:/c/Program Files/Microsoft SQL Server/130/Tools/Binn/:/c/Program Files (x86)/Microsoft Emulator Manager/1.0/:/c/WINDOWS/System32/OpenSSH/:/c/Program Files/PuTTY/:/c/CooCox/CoIDE/gcc/bin:/c/Program Files/Java/jdk-12/bin:/c/Program Files (x86)/Java/jre1.8.0_201/bin:/c/APK Decompiler:/c/Users/Neu/AppData/Local/Android/Sdk/platform-tools:/c/Program Files/doxygen/bin:/c/Program Files (x86)/Graphviz2.38/bin:/c/wamp64/bin/php/php7.3.35:/c/ProgramData/ComposerSetup/bin:%OPENCV_DIR%/bin:/c/Program Files/Git/cmd:/c/Program Files (x86)/STMicroelectronics/STM32 ST-LINK Utility/ST-LINK Utility:/c/Program Files/OpenSSL-Win64/bin:/c/Program Files/TortoiseGit/bin:/c/Program Files/TortoiseSVN/bin:/c/wamp64/bin/php/php7.2.18:/c/Program Files/nodejs/:/c/ProgramData/chocolatey/bin:/c/Users/Neu/AppData/Local/Microsoft/WindowsApps:/c/Program Files (x86)/Atmel/Flip 3.4.7/bin:/c/Program Files/JetBrains/IntelliJ IDEA Community Edition 2019.1.2/bin:.:/c/Users/Neu/AppData/Roaming/Composer/vendor/bin:/c/Users/Neu/AppData/Local/Programs/Microsoft VS Code/bin:/c/Users/Neu/AppData/Roaming/npm:/c/msys64/mingw64/bin:/c/boost_1_70_0:/c/boost_1_70_0/stage:/usr/bin:.
# environment
COMMONPROGRAMW6432 = C:\Program Files\Common Files
# makefile (from `Makefile', line 32)
MAINWDELOBJ = $(MAINSRC:$(MAINSRCDIR)/%$(EXT)=$(OBJDIR)\\%.o)
# makefile (from `Makefile', line 22)
DEP = $(OBJ:$(OBJDIR)/%.o=$(OBJDIR)/%.d)
# environment
CHOCOLATEYLASTPATHUPDATE = 132867973588388708
# environment
PROCESSOR_ARCHITECTURE = x86
# makefile (from `Makefile', line 19)
MAINSRC = $(wildcard $(MAINSRCDIR)/*$(EXT))
# environment
USERPROFILE = C:\Users\Neu
# environment
CHOCOLATEYINSTALL = C:\ProgramData\chocolatey
# environment
!C: = c:\Users\Neu\Documents\state_machine_cpp
# environment
ALLUSERSPROFILE = C:\ProgramData
# environment
VSCODE_LOG_STACK = false
# environment
NUMBER_OF_PROCESSORS = 4
# environment
ELECTRON_RUN_AS_NODE = 1
# makefile (from `Makefile', line 8)
LDFLAGS = 
# default
.FEATURES := target-specific order-only second-expansion else-if archives jobserver check-symlink
# makefile (from `Makefile', line 27)
MAINDELOBJ = $(MAINOBJ)
 
# makefile (from `Makefile', line 13)
SRCDIR = src
# automatic
 
%F = $(notdir $%)
# environment
 
CHROME_CRASHPAD_PIPE_NAME = \\.\pipe\crashpad_3664_WHAYDZGDWALPHKKG
# environment
VSCODE_PIPE_LOGGING = true
# environment
COMPUTERNAME = DESKTOP-PV3EE51
# environment
GOOGLE_API_KEY = no
# environment
PROGRAMFILES = C:\Program Files (x86)
# environment
DRIVERDATA = C:\Windows\System32\Drivers\DriverData
# environment
ORIGINAL_XDG_CURRENT_DESKTOP = undefined
# environment
USERNAME = Neu
# environment
PUBLIC = C:\Users\Public
# environment
VSCODE_AMD_ENTRYPOINT = vs/workbench/api/node/extensionHostProcess
# environment
GOOGLE_DEFAULT_CLIENT_ID = no
# environment
VSCODE_CODE_CACHE_PATH = C:\Users\Neu\AppData\Roaming\Code\CachedData\da15b6fd3ef856477bf6f4fb29ba1b7af717770d
# environment
APPLICATION_INSIGHTS_NO_DIAGNOSTIC_CHANNEL = 1
# makefile (from `Makefile', line 26)
DELOBJ = $(OBJ)
# environment
COMMONPROGRAMFILES = C:\Program Files (x86)\Common Files
# environment
LOGONSERVER = \\DESKTOP-PV3EE51
# environment
ONEDRIVECONSUMER = C:\Users\Neu\OneDrive
# environment
VSCODE_HANDLES_UNCAUGHT_ERRORS = true
# environment
USERDOMAIN = DESKTOP-PV3EE51
# environment
INTELLIJ IDEA COMMUNITY EDITION = C:\Program Files\JetBrains\IntelliJ IDEA Community Edition 2019.1.2\bin;
# default
MAKE = $(MAKE_COMMAND)
# default
MAKECMDGOALS := all
# makefile (from `Makefile', line 11)
APPNAME = myapp
# makefile (from `Makefile', line 6)
CC = g++
# default
MAKE_VERSION := 3.81
# makefile
.DEFAULT_GOAL := all
# environment
GOOGLE_DEFAULT_CLIENT_SECRET = no
# makefile (from `Makefile', line 14)
MAINSRCDIR = .
# environment
PROGRAMFILES(X86) = C:\Program Files (x86)
# automatic
%D = $(patsubst %/,%,$(dir $%))
# environment
LOCALAPPDATA = C:\Users\Neu\AppData\Local
# environment
PSMODULEPATH = C:\WINDOWS\system32\WindowsPowerShell\v1.0\Modules\
# default
MAKE_COMMAND := make.exe
# environment
PROCESSOR_ARCHITEW6432 = AMD64
# default
.VARIABLES := 
# automatic
*F = $(notdir $*)
# environment
PROCESSOR_IDENTIFIER = Intel64 Family 6 Model 42 Stepping 7, GenuineIntel
# environment
OS = Windows_NT
# environment
VSCODE_IPC_HOOK = \\.\pipe\cc1359c2d4b30d70b6113fb59547787b-1.67.1-main-sock
# makefile (from `Makefile', line 12)
EXT = .cpp
# environment
HOMEPATH = \
# environment
COMMONPROGRAMFILES(X86) = C:\Program Files (x86)\Common Files
# environment
PROMPT = $P$G
# environment
MFLAGS = -Rrqp
# automatic
*D = $(patsubst %/,%,$(dir $*))
# environment
SYSTEMROOT = C:\WINDOWS
# automatic
+D = $(patsubst %/,%,$(dir $+))
# automatic
+F = $(notdir $+)
# environment
APPDATA = C:\Users\Neu\AppData\Roaming
# environment
SVN_EXPERIMENTAL_COMMANDS = shelf2
# environment
TEMP = /tmp
# environment
COMSPEC = C:\WINDOWS\system32\cmd.exe
# default
MAKEFILES := 
# automatic
<F = $(notdir $<)
# makefile (from `Makefile', line 15)
OBJDIR = obj
# environment
LC_ALL = C
# makefile (from `Makefile', line 31)
WDELOBJ = $(SRC:$(SRCDIR)/%$(EXT)=$(OBJDIR)\\%.o)
# automatic
^F = $(notdir $^)
# default
SUFFIXES := 
# environment
SYSTEMDRIVE = C:
# environment
SESSIONNAME = Console
# environment
PROCESSOR_REVISION = 2a07
# default
.INCLUDE_DIRS = /usr/include /usr/include
# environment
MAKELEVEL := 0
# makefile (from `Makefile', line 30)
EXE = .exe
# environment
LANG = C
# environment
PROCESSOR_LEVEL = 6
# environment
TERM = cygwin
# environment
VSCODE_PID = 3664
# environment
USERDOMAIN_ROAMINGPROFILE = DESKTOP-PV3EE51
# variable set hash-table stats:
# Load=122/1024=12%, Rehash=0, Collisions=16/193=8%

# Pattern-specific Variable Values

# No pattern-specific variable values.

# Directories

# . (device -19698, inode 1441078): 9 files, no impossibilities.
# src (device -19698, inode 13485276): 4 files, no impossibilities.
# obj/src (device 0, inode 0): No files, 3 impossibilities.

# 13 files, 3 impossibilities in 3 directories.

# Implicit Rules

%.d: src/%.cpp ./%.cpp
#  commands to execute (from `Makefile', line 48):
	@$(CPP) $(CFLAGS) $< -MM -MT $(@:%.d=$(OBJDIR)/%.o) >$@
	

obj/%.o: src/%.cpp
#  commands to execute (from `Makefile', line 58):
	$(CC) $(CXXFLAGS) -o $@ -c $<
	

obj/%.o: ./%.cpp
#  commands to execute (from `Makefile', line 60):
	$(CC) $(CXXFLAGS) -o $@ -c $<
	

# 3 implicit rules, 0 (0.0%) terminal.

# Files

myapp: obj/main.o obj/JobCloManager.o obj/StateMachine.o
#  Implicit rule search has not been done.
#  Last modified 2022-05-14 09:54:41
#  File has been updated.
#  Successfully updated.
# variable set hash-table stats:
# Load=0/32=0%, Rehash=0, Collisions=0/0=0%
#  commands to execute (from `Makefile', line 42):
	$(CC) $(CXXFLAGS) -o $@ $^ $(LDFLAGS)
	

all: myapp
#  Command-line target.
#  Implicit rule search has been done.
#  File does not exist.
#  File has been updated.
#  Successfully updated.
# variable set hash-table stats:
 
# Load=0/32=0%, Rehash=0, Collisions=0/0=0%

.PHONY: clean cleandep cleanw cleandepw
 
#  Implicit rule search has not been done.
#  Modification time never checked.
#  File has not been updated.

# Not a target:
src/StateMachine.cpp:
#  Implicit rule search has been done.
#  Last modified 2022-05-13 18:43:40
#  File has been updated.
#  Successfully updated.
# variable set hash-table stats:
# Load=0/32=0%, Rehash=0, Collisions=0/0=0%

obj/main.o: main.cpp
#  Implicit rule search has been done.
#  Implicit/static pattern stem: `main'
#  Last modified 2022-05-14 09:54:39
#  File has been updated.
#  Successfully updated.
# variable set hash-table stats:
# Load=0/32=0%, Rehash=0, Collisions=0/0=0%
#  commands to execute (from `Makefile', line 60):
	$(CC) $(CXXFLAGS) -o $@ -c $<
	

# Not a target:
.SUFFIXES:
#  Implicit rule search has not been done.
#  Modification time never checked.
#  File has not been updated.

# Not a target:
Makefile:
#  Implicit rule search has been done.
#  Last modified 2022-05-14 09:53:47
#  File has been updated.
#  Successfully updated.
# variable set hash-table stats:
# Load=0/32=0%, Rehash=0, Collisions=0/0=0%

# Not a target:
src/JobCloManager.cpp:
#  Implicit rule search has been done.
#  Last modified 2022-05-14 09:00:51
#  File has been updated.
#  Successfully updated.
# variable set hash-table stats:
# Load=0/32=0%, Rehash=0, Collisions=0/0=0%

# Not a target:
obj/StateMachine.d:
#  A default, MAKEFILES, or -include/sinclude makefile.
#  Implicit rule search has been done.
#  File does not exist.
#  File has been updated.
#  Failed to be updated.
# variable set hash-table stats:
# Load=0/32=0%, Rehash=0, Collisions=0/0=0%

# Not a target:
main.cpp:
#  Implicit rule search has been done.
#  Last modified 2022-05-14 09:46:33
#  File has been updated.
#  Successfully updated.
# variable set hash-table stats:
# Load=0/32=0%, Rehash=0, Collisions=0/0=0%

cleanw:
#  Phony target (prerequisite of .PHONY).
 
#  Implicit rule search has not been done.
#  File does not exist.
 
#  File has not been updated.
#  commands to execute (from `Makefile', line 79):
	$(DEL) $(WDELOBJ) $(DEP) $(APPNAME)$(EXE)
	$(DEL) $(MAINWDELOBJ) $(MAINDEP) $(APPNAME)$(EXE)
	

# Not a target:
obj/JobCloManager.d:
#  A default, MAKEFILES, or -include/sinclude makefile.
#  Implicit rule search has been done.
#  File does not exist.
#  File has been updated.
#  Failed to be updated.
# variable set hash-table stats:
 
# Load=0/32=0%, Rehash=0, Collisions=0/0=0%

# Not a target:
 
.DEFAULT:
 
#  Implicit rule search has not been done.
#  Modification time never checked.
#  File has not been updated.
 

cleandep:
#  Phony target (prerequisite of .PHONY).
#  Implicit rule search has not been done.
#  File does not exist.
#  File has not been updated.
#  commands to execute (from `Makefile', line 72):
	$(RM) $(DEP) $(MAINDEP)
	

cleandepw:
#  Phony target (prerequisite of .PHONY).
#  Implicit rule search has not been done.
#  File does not exist.
#  File has not been updated.
#  commands to execute (from `Makefile', line 85):
	$(DEL) $(DEP)
	$(DEL) $(MAINDEP)
	

obj/StateMachine.o: src/StateMachine.cpp
#  Implicit rule search has been done.
#  Implicit/static pattern stem: `StateMachine'
#  Last modified 2022-05-14 09:54:41
#  File has been updated.
#  Successfully updated.
# variable set hash-table stats:
# Load=0/32=0%, Rehash=0, Collisions=0/0=0%
#  commands to execute (from `Makefile', line 58):
	$(CC) $(CXXFLAGS) -o $@ -c $<
	

clean:
#  Phony target (prerequisite of .PHONY).
#  Implicit rule search has not been done.
#  File does not exist.
#  File has not been updated.
#  commands to execute (from `Makefile', line 66):
	$(RM) $(DELOBJ) $(DEP) $(MAINDELOBJ) $(MAINDEP) $(APPNAME)
	

obj/JobCloManager.o: src/JobCloManager.cpp
#  Implicit rule search has been done.
#  Implicit/static pattern stem: `JobCloManager'
#  Last modified 2022-05-14 09:54:40
#  File has been updated.
#  Successfully updated.
# variable set hash-table stats:
# Load=0/32=0%, Rehash=0, Collisions=0/0=0%
 
#  commands to execute (from `Makefile', line 58):
	$(CC) $(CXXFLAGS) -o $@ -c $<
	

# Not a target:
obj/main.d:
#  A default, MAKEFILES, or -include/sinclude makefile.
#  Implicit rule search has been done.
#  File does not exist.
#  File has been updated.
 
#  Failed to be updated.
 
# variable set hash-table stats:
# Load=0/32=0%, Rehash=0, Collisions=0/0=0%

# files hash-table stats:
# Load=19/1024=2%, Rehash=0, Collisions=0/67=0%
# VPATH Search Paths

# No `vpath' search paths.
 

# No general (`VPATH' variable) search path.
 

# # of strings in strcache: 4
 
# # of strcache buffers: 1
 
# strcache size: total = 4096 / max = 4096 / min = 4096 / avg = 4096
 
# strcache free: total = 4037 / max = 4037 / min = 4037 / avg = 4037
 

 
# Finished Make data base on Sat May 14 09:54:58 2022
 

 
